0 info it worked if it ends with ok
1 verbose cli [ '/usr/local/bin/node',
1 verbose cli   '/usr/local/bin/npm',
1 verbose cli   'test',
1 verbose cli   '-f',
1 verbose cli   '/Users/duhl/.oh-my-zsh/plugins/git/_git' ]
2 info using npm@2.14.20
3 info using node@v4.4.0
4 warn using --force I sure hope you know what you are doing.
5 verbose stack Error: ENOENT: no such file or directory, open '/Users/duhl/git/projects/dotfiles/dotfiles-1/package.json'
5 verbose stack     at Error (native)
6 verbose cwd /Users/duhl/git/projects/dotfiles/dotfiles-1
7 error Darwin 15.4.0
8 error argv "/usr/local/bin/node" "/usr/local/bin/npm" "test" "-f" "/Users/duhl/.oh-my-zsh/plugins/git/_git"
9 error node v4.4.0
10 error npm  v2.14.20
11 error path /Users/duhl/git/projects/dotfiles/dotfiles-1/package.json
12 error code ENOENT
13 error errno -2
14 error syscall open
15 error enoent ENOENT: no such file or directory, open '/Users/duhl/git/projects/dotfiles/dotfiles-1/package.json'
15 error enoent This is most likely not a problem with npm itself
15 error enoent and is related to npm not being able to find a file.
16 verbose exit [ -2, true ]
